<?xml version="1.0" encoding="UTF-8"?>
<testsuite xmlns:xsi="http://www.w3.org/2001/XMLSchema-instance" xsi:noNamespaceSchemaLocation="https://maven.apache.org/surefire/maven-surefire-plugin/xsd/surefire-test-report.xsd" name="TestSuite" time="72.742" tests="3" errors="0" skipped="0" failures="3">
  <properties>
[...]
</properties>
  <testcase name="insuranceCalculate" classname="insuranceCalculation_MotorCycle.EndToEndTests_motorcycle" time="11.944">
    <failure message="Value is not present in dropdown for WebElement:  [[ChromeDriver: chrome on WINDOWS (1b467cb8fae8495b628fcc7541027cb7)] -&gt; id: numberofseatsmotorcycle]  value to be selected is:  2.0" type="java.lang.Exception">java.lang.Exception: Value is not present in dropdown for WebElement:  [[ChromeDriver: chrome on WINDOWS (1b467cb8fae8495b628fcc7541027cb7)] -> id: numberofseatsmotorcycle]  value to be selected is:  2.0
	at insuranceCalculation_MotorCycle.EndToEndTests_motorcycle.insuranceCalculate(EndToEndTests_motorcycle.java:25)
</failure>
    <system-out><![CDATA[Test data is:  {Vehicle_List Price=888.0, Product_startdate=12/12/2020, PriceValidation_Gold=238.00, TC No=1.0, Vehicle_Annual Mileage=100.0, Product_insurancesum= 5.000.000,00, Vehicle_Date of Manufacture=09/04/2019, Insurant_Hobby=speeding,Other, SelectOption=Silver, PriceValidation_Ultimate=2,621.00, PriceValidation_Silver=701.00, Vehicle_Make=Honda, Insurant_occupation=Farmer, Vehicle_No of Seats_motorcycle=2.0, Insurant_LastName=NNN, Product_OptionalProducts=Euro Protection, Vehicle_Enging Performance=666.0, Insurant_ImageFilePath=??, Vehicle_Model=Motorcycle, Insurant_country=India, Insurant_zipcode=444061.0, Product_damageinsurance=Partial Coverage, TC Name=Verify Insurance Premium for Honda MotorCycle, Vehicle_CylinderCapacity=333.0, PriceValidation_Platinum=1,376.00, Insurant_FirstName=Prakash, Insurant_birthdate=12/12/1989, Insurant_gender=Male}
]]></system-out>
    <system-err><![CDATA[SLF4J: Failed to load class "org.slf4j.impl.StaticLoggerBinder".
SLF4J: Defaulting to no-operation (NOP) logger implementation
SLF4J: See http://www.slf4j.org/codes.html#StaticLoggerBinder for further details.
Starting ChromeDriver 92.0.4515.107 (87a818b10553a07434ea9e2b6dccf3cbe7895134-refs/branch-heads/4515@{#1634}) on port 41854
Only local connections are allowed.
Please see https://chromedriver.chromium.org/security-considerations for suggestions on keeping ChromeDriver safe.
ChromeDriver was started successfully.
Aug 16, 2021 6:40:20 PM org.openqa.selenium.remote.ProtocolHandshake createSession
INFO: Detected dialect: W3C
]]></system-err>
  </testcase>
  <testcase name="insuranceCalculate" classname="insuranceCalculation_MotorCycle.EndToEndTests_motorcycle" time="11.895">
    <failure message="Value is not present in dropdown for WebElement:  [[ChromeDriver: chrome on WINDOWS (530689a66514ed33507c996d44ccd857)] -&gt; id: numberofseatsmotorcycle]  value to be selected is:  2.0" type="java.lang.Exception">java.lang.Exception: Value is not present in dropdown for WebElement:  [[ChromeDriver: chrome on WINDOWS (530689a66514ed33507c996d44ccd857)] -> id: numberofseatsmotorcycle]  value to be selected is:  2.0
	at insuranceCalculation_MotorCycle.EndToEndTests_motorcycle.insuranceCalculate(EndToEndTests_motorcycle.java:25)
</failure>
    <system-out><![CDATA[Test data is:  {Vehicle_List Price=888.0, Product_startdate=12/12/2025, PriceValidation_Gold=238.00, TC No=2.0, Vehicle_Annual Mileage=100.0, Product_insurancesum= 20.000.000,00, Vehicle_Date of Manufacture=09/04/2001, Insurant_Hobby=speeding,Other, SelectOption=Gold, PriceValidation_Ultimate=2,626.00, PriceValidation_Silver=702.00, Vehicle_Make=Volvo, Insurant_occupation=Farmer, Vehicle_No of Seats_motorcycle=2.0, Insurant_LastName=NNN, Product_OptionalProducts=Euro Protection, Vehicle_Enging Performance=900.0, Insurant_ImageFilePath=??, Vehicle_Model=Scooter, Insurant_country=Sweden, Insurant_zipcode=444061.0, Product_damageinsurance=Partial Coverage, TC Name=Verify Insurance Premium for Volvo Scooter, Vehicle_CylinderCapacity=900.0, PriceValidation_Platinum=1,379.00, Insurant_FirstName=Seema, Insurant_birthdate=12/12/1977, Insurant_gender=Female}
]]></system-out>
    <system-err><![CDATA[Starting ChromeDriver 92.0.4515.107 (87a818b10553a07434ea9e2b6dccf3cbe7895134-refs/branch-heads/4515@{#1634}) on port 40849
Only local connections are allowed.
Please see https://chromedriver.chromium.org/security-considerations for suggestions on keeping ChromeDriver safe.
ChromeDriver was started successfully.
Aug 16, 2021 6:40:39 PM org.openqa.selenium.remote.ProtocolHandshake createSession
INFO: Detected dialect: W3C
]]></system-err>
  </testcase>
  <testcase name="insuranceCalculate" classname="insuranceCalculation_MotorCycle.EndToEndTests_motorcycle" time="12.396">
    <failure message="Value is not present in dropdown for WebElement:  [[ChromeDriver: chrome on WINDOWS (bc5fc641d8d4377fd5381a42677eee2d)] -&gt; id: numberofseatsmotorcycle]  value to be selected is:  2.0" type="java.lang.Exception">java.lang.Exception: Value is not present in dropdown for WebElement:  [[ChromeDriver: chrome on WINDOWS (bc5fc641d8d4377fd5381a42677eee2d)] -> id: numberofseatsmotorcycle]  value to be selected is:  2.0
	at insuranceCalculation_MotorCycle.EndToEndTests_motorcycle.insuranceCalculate(EndToEndTests_motorcycle.java:25)
</failure>
    <system-out><![CDATA[Test data is:  {Vehicle_List Price=1000.0, Product_startdate=12/12/2025, PriceValidation_Gold=87.00, TC No=3.0, Vehicle_Annual Mileage=100.0, Product_insurancesum= 3.000.000,00, Vehicle_Date of Manufacture=09/04/1989, Insurant_Hobby=speeding,Other, SelectOption=Ultimate, PriceValidation_Ultimate=967.00, PriceValidation_Silver=258.00, Vehicle_Make=Ford, Insurant_occupation=Farmer, Vehicle_No of Seats_motorcycle=2.0, Insurant_LastName=NNN, Product_OptionalProducts=Euro Protection, Vehicle_Enging Performance=100.0, Insurant_ImageFilePath=??, Vehicle_Model=Moped, Insurant_country=Sweden, Insurant_zipcode=444061.0, Product_damageinsurance=Partial Coverage, TC Name=Verify Insurance Premium for Ford Moped, Vehicle_CylinderCapacity=100.0, PriceValidation_Platinum=507.00, Insurant_FirstName=Savali, Insurant_birthdate=12/12/1956, Insurant_gender=Female}
]]></system-out>
    <system-err><![CDATA[Starting ChromeDriver 92.0.4515.107 (87a818b10553a07434ea9e2b6dccf3cbe7895134-refs/branch-heads/4515@{#1634}) on port 39757
Only local connections are allowed.
Please see https://chromedriver.chromium.org/security-considerations for suggestions on keeping ChromeDriver safe.
ChromeDriver was started successfully.
Aug 16, 2021 6:41:05 PM org.openqa.selenium.remote.ProtocolHandshake createSession
INFO: Detected dialect: W3C
]]></system-err>
  </testcase>
</testsuite>